<?xml version="1.0" encoding="UTF-8" standalone="no"?>
<testsuite errors="0" failures="0" name="io.cucumber.core.plugin.JUnitFormatter" skipped="0" tests="2" time="9.944">
    <testcase classname="Article related actıons can be taken by user as follows:" name="Users wants to create an article" time="4.216">
        <system-out>
            <![CDATA[Given User has rights to authenticate.......................................passed
When User creates their own articles........................................passed
Then User reaches the article...............................................passed
]]>
        </system-out>
    </testcase>
    <testcase classname="Article related actıons can be taken by user as follows:" name="User wants to update article title" time="5.527">
        <system-out>
            <![CDATA[Given User has rights to authenticate.......................................passed
When User updates their own article title...................................passed
Then User reaches updated article...........................................passed
]]>
        </system-out>
    </testcase>
</testsuite>
